{
  "RSpec": {
    "coverage": {
      "/Users/artemhushcha/Projects/simple_rss_reader/app/models/feed.rb": [
        1,
        1,
        null,
        2,
        null
      ],
      "/Users/artemhushcha/Projects/simple_rss_reader/app/models/application_record.rb": [
        1,
        1,
        null
      ],
      "/Users/artemhushcha/Projects/simple_rss_reader/app/controllers/application_controller.rb": [
        1,
        null,
        1,
        null,
        null,
        1,
        1,
        null,
        null,
        1,
        1,
        null,
        1,
        0,
        null,
        null,
        1,
        3,
        null,
        null,
        1,
        0,
        null,
        null
      ],
      "/Users/artemhushcha/Projects/simple_rss_reader/app/controllers/api/v1/feeds_controller.rb": [
        null,
        null,
        1,
        1,
        1,
        1,
        null,
        null,
        1,
        1,
        null,
        1,
        null,
        null,
        null,
        1,
        1,
        null,
        null,
        null,
        1,
        3,
        null,
        3,
        2,
        null,
        1,
        null,
        null,
        null,
        null,
        1,
        1,
        1,
        null,
        0,
        null,
        null,
        null,
        null,
        1,
        1,
        null,
        null,
        1,
        null,
        null,
        1,
        6,
        null,
        null,
        null,
        1,
        4,
        null,
        null,
        null,
        null
      ],
      "/Users/artemhushcha/Projects/simple_rss_reader/app/serializers/feed_serializer.rb": [
        1,
        1,
        null
      ],
      "/Users/artemhushcha/Projects/simple_rss_reader/app/mailers/application_mailer.rb": [
        0,
        0,
        0,
        0
      ],
      "/Users/artemhushcha/Projects/simple_rss_reader/app/jobs/application_job.rb": [
        0,
        null,
        null,
        null,
        null,
        null,
        0
      ],
      "/Users/artemhushcha/Projects/simple_rss_reader/app/controllers/home_controller.rb": [
        0,
        0,
        0,
        0,
        0,
        0
      ],
      "/Users/artemhushcha/Projects/simple_rss_reader/app/channels/application_cable/connection.rb": [
        0,
        0,
        0,
        0
      ],
      "/Users/artemhushcha/Projects/simple_rss_reader/app/channels/application_cable/channel.rb": [
        0,
        0,
        0,
        0
      ]
    },
    "timestamp": 1573149979
  }
}
